<?xml version="1.0" encoding="UTF-8"?>
<testsuite xmlns:xsi="http://www.w3.org/2001/XMLSchema-instance" xsi:noNamespaceSchemaLocation="https://maven.apache.org/surefire/maven-surefire-plugin/xsd/surefire-test-report.xsd" version="3.0.2" name="com.example.app.integration.AuthIntegrationTest" time="5.175" tests="10" errors="0" skipped="0" failures="0">
  <properties>
[...]
</properties>
  <testcase name="adminUsers_noToken_returns401" classname="com.example.app.integration.AuthIntegrationTest" time="0.753">
    <system-out><![CDATA[06:09:28.635 [main] INFO org.springframework.test.context.support.AnnotationConfigContextLoaderUtils -- Could not detect default configuration classes for test class [com.example.app.integration.AuthIntegrationTest]: AuthIntegrationTest does not declare any static, non-private, non-final, nested classes annotated with @Configuration.
06:09:28.685 [main] INFO org.springframework.boot.test.context.SpringBootTestContextBootstrapper -- Found @SpringBootConfiguration com.example.app.SampleApplication for test class com.example.app.integration.AuthIntegrationTest

  .   ____          _            __ _ _
 /\\ / ___'_ __ _ _(_)_ __  __ _ \ \ \ \
( ( )\___ | '_ | '_| | '_ \/ _` | \ \ \ \
 \\/  ___)| |_)| | | | | || (_| |  ) ) ) )
  '  |____| .__|_| |_|_| |_\__, | / / / /
 =========|_|==============|___/=/_/_/_/

 :: Spring Boot ::                (v3.4.4)

2026-03-28T06:09:29.138+01:00  INFO 71665 --- [           main] .s.d.r.c.RepositoryConfigurationDelegate : Bootstrapping Spring Data JPA repositories in DEFAULT mode.
2026-03-28T06:09:29.159+01:00  INFO 71665 --- [           main] .s.d.r.c.RepositoryConfigurationDelegate : Finished Spring Data repository scanning in 17 ms. Found 1 JPA repository interface.
2026-03-28T06:09:29.431+01:00  INFO 71665 --- [           main] o.s.b.w.embedded.tomcat.TomcatWebServer  : Tomcat initialized with port 0 (http)
2026-03-28T06:09:29.438+01:00  INFO 71665 --- [           main] o.apache.catalina.core.StandardService   : Starting service [Tomcat]
2026-03-28T06:09:29.438+01:00  INFO 71665 --- [           main] o.apache.catalina.core.StandardEngine    : Starting Servlet engine: [Apache Tomcat/10.1.39]
2026-03-28T06:09:29.456+01:00  INFO 71665 --- [           main] o.a.c.c.C.[Tomcat].[localhost].[/]       : Initializing Spring embedded WebApplicationContext
2026-03-28T06:09:29.456+01:00  INFO 71665 --- [           main] w.s.c.ServletWebServerApplicationContext : Root WebApplicationContext: initialization completed in 600 ms
2026-03-28T06:09:29.533+01:00  INFO 71665 --- [           main] o.hibernate.jpa.internal.util.LogHelper  : HHH000204: Processing PersistenceUnitInfo [name: default]
2026-03-28T06:09:29.562+01:00  INFO 71665 --- [           main] org.hibernate.Version                    : HHH000412: Hibernate ORM core version 6.6.11.Final
2026-03-28T06:09:29.578+01:00  INFO 71665 --- [           main] o.h.c.internal.RegionFactoryInitiator    : HHH000026: Second-level cache disabled
2026-03-28T06:09:29.705+01:00  INFO 71665 --- [           main] o.s.o.j.p.SpringPersistenceUnitInfo      : No LoadTimeWeaver setup: ignoring JPA class transformer
2026-03-28T06:09:29.718+01:00  INFO 71665 --- [           main] com.zaxxer.hikari.HikariDataSource       : HikariPool-1 - Starting...
2026-03-28T06:09:29.794+01:00  INFO 71665 --- [           main] com.zaxxer.hikari.pool.HikariPool        : HikariPool-1 - Added connection conn0: url=jdbc:h2:mem:testdb user=SA
2026-03-28T06:09:29.798+01:00  INFO 71665 --- [           main] com.zaxxer.hikari.HikariDataSource       : HikariPool-1 - Start completed.
2026-03-28T06:09:29.811+01:00  WARN 71665 --- [           main] org.hibernate.orm.deprecation            : HHH90000025: H2Dialect does not need to be specified explicitly using 'hibernate.dialect' (remove the property setting and it will be selected by default)
2026-03-28T06:09:29.820+01:00  INFO 71665 --- [           main] org.hibernate.orm.connections.pooling    : HHH10001005: Database info:
	Database JDBC URL [Connecting through datasource 'HikariDataSource (HikariPool-1)']
	Database driver: undefined/unknown
	Database version: 2.3.232
	Autocommit mode: undefined/unknown
	Isolation level: undefined/unknown
	Minimum pool size: undefined/unknown
	Maximum pool size: undefined/unknown
2026-03-28T06:09:30.206+01:00  INFO 71665 --- [           main] o.h.e.t.j.p.i.JtaPlatformInitiator       : HHH000489: No JTA platform available (set 'hibernate.transaction.jta.platform' to enable JTA platform integration)
2026-03-28T06:09:30.225+01:00  INFO 71665 --- [           main] j.LocalContainerEntityManagerFactoryBean : Initialized JPA EntityManagerFactory for persistence unit 'default'
2026-03-28T06:09:30.550+01:00  WARN 71665 --- [           main] r$InitializeUserDetailsManagerConfigurer : Global AuthenticationManager configured with an AuthenticationProvider bean. UserDetailsService beans will not be used by Spring Security for automatically configuring username/password login. Consider removing the AuthenticationProvider bean. Alternatively, consider using the UserDetailsService in a manually instantiated DaoAuthenticationProvider. If the current configuration is intentional, to turn off this warning, increase the logging level of 'org.springframework.security.config.annotation.authentication.configuration.InitializeUserDetailsBeanManagerConfigurer' to ERROR
2026-03-28T06:09:30.563+01:00  WARN 71665 --- [           main] JpaBaseConfiguration$JpaWebConfiguration : spring.jpa.open-in-view is enabled by default. Therefore, database queries may be performed during view rendering. Explicitly configure spring.jpa.open-in-view to disable this warning
2026-03-28T06:09:30.822+01:00  INFO 71665 --- [           main] o.a.c.c.C.[Tomcat].[localhost].[/]       : Initializing Spring TestDispatcherServlet ''
2026-03-28T06:09:30.822+01:00  INFO 71665 --- [           main] o.s.t.web.servlet.TestDispatcherServlet  : Initializing Servlet ''
2026-03-28T06:09:30.823+01:00  INFO 71665 --- [           main] o.s.t.web.servlet.TestDispatcherServlet  : Completed initialization in 1 ms
2026-03-28T06:09:30.907+01:00  INFO 71665 --- [           main] o.s.b.w.embedded.tomcat.TomcatWebServer  : Tomcat started on port 61925 (http) with context path '/'
2026-03-28T06:09:32.048+01:00  WARN 71665 --- [           main] c.e.s.e.JwtAuthenticationEntryPoint      : Unauthorized request to /api/admin/users: Full authentication is required to access this resource
]]></system-out>
    <system-err><![CDATA[Mockito is currently self-attaching to enable the inline-mock-maker. This will no longer work in future releases of the JDK. Please add Mockito as an agent to your build what is described in Mockito's documentation: https://javadoc.io/doc/org.mockito/mockito-core/latest/org/mockito/Mockito.html#0.3
WARNING: A Java agent has been loaded dynamically (/Users/MAC/.m2/repository/net/bytebuddy/byte-buddy-agent/1.15.11/byte-buddy-agent-1.15.11.jar)
WARNING: If a serviceability tool is in use, please run with -XX:+EnableDynamicAgentLoading to hide this warning
WARNING: If a serviceability tool is not in use, please run with -Djdk.instrument.traceUsage for more information
WARNING: Dynamic loading of agents will be disallowed by default in a future release
]]></system-err>
  </testcase>
  <testcase name="publicHealth_noAuth_returns200" classname="com.example.app.integration.AuthIntegrationTest" time="0.179"/>
  <testcase name="adminUsers_userToken_returns403" classname="com.example.app.integration.AuthIntegrationTest" time="0.167">
    <system-out><![CDATA[2026-03-28T06:09:32.404+01:00  WARN 71665 --- [           main] c.e.s.exception.JwtAccessDeniedHandler   : Access denied for user to /api/admin/users
]]></system-out>
  </testcase>
  <testcase name="userMe_tamperedToken_returns401" classname="com.example.app.integration.AuthIntegrationTest" time="0.167">
    <system-out><![CDATA[2026-03-28T06:09:32.573+01:00  WARN 71665 --- [           main] c.e.s.e.JwtAuthenticationEntryPoint      : Unauthorized request to /api/user/me: Full authentication is required to access this resource
]]></system-out>
  </testcase>
  <testcase name="userMe_noToken_returns401" classname="com.example.app.integration.AuthIntegrationTest" time="0.151">
    <system-out><![CDATA[2026-03-28T06:09:32.725+01:00  WARN 71665 --- [           main] c.e.s.e.JwtAuthenticationEntryPoint      : Unauthorized request to /api/user/me: Full authentication is required to access this resource
]]></system-out>
  </testcase>
  <testcase name="login_validCredentials_returnsToken" classname="com.example.app.integration.AuthIntegrationTest" time="0.226"/>
  <testcase name="login_unknownUser_returns401" classname="com.example.app.integration.AuthIntegrationTest" time="0.229"/>
  <testcase name="userMe_withValidToken_returns200" classname="com.example.app.integration.AuthIntegrationTest" time="0.166"/>
  <testcase name="login_wrongPassword_returns401" classname="com.example.app.integration.AuthIntegrationTest" time="0.224"/>
  <testcase name="adminUsers_adminToken_returns200" classname="com.example.app.integration.AuthIntegrationTest" time="0.174"/>
</testsuite>